Build started 4/28/2017 9:46:20 AM.
     1>Project "C:\Users\youngnat002.ALPINE\documents\visual studio 2010\Projects\Calendar Operations\Calendar Operations\Calendar Operations.vcxproj" on node 2 (build target(s)).
     1>InitializeBuildStatus:
         Creating "Debug\Calendar Operations.unsuccessfulbuild" because "AlwaysCreate" was specified.
       ClCompile:
         C:\Program Files (x86)\Microsoft Visual Studio 10.0\VC\bin\CL.exe /c /ZI /nologo /W3 /WX- /Od /Oy- /D _MBCS /Gm /EHsc /RTC1 /MDd /GS /fp:precise /Zc:wchar_t /Zc:forScope /Fo"Debug\\" /Fd"Debug\vc100.pdb" /Gd /TP /analyze- /errorReport:prompt Driver.cpp
         Driver.cpp
       Link:
         C:\Program Files (x86)\Microsoft Visual Studio 10.0\VC\bin\link.exe /ERRORREPORT:PROMPT /OUT:"C:\Users\youngnat002.ALPINE\documents\visual studio 2010\Projects\Calendar Operations\Debug\Calendar Operations.exe" /NOLOGO kernel32.lib user32.lib gdi32.lib winspool.lib comdlg32.lib advapi32.lib shell32.lib ole32.lib oleaut32.lib uuid.lib odbc32.lib odbccp32.lib /MANIFEST /ManifestFile:"Debug\Calendar Operations.exe.intermediate.manifest" /MANIFESTUAC:"level='asInvoker' uiAccess='false'" /DEBUG /PDB:"C:\Users\youngnat002.ALPINE\documents\visual studio 2010\Projects\Calendar Operations\Debug\Calendar Operations.pdb" /TLBID:1 /DYNAMICBASE /NXCOMPAT /IMPLIB:"C:\Users\youngnat002.ALPINE\documents\visual studio 2010\Projects\Calendar Operations\Debug\Calendar Operations.lib" /MACHINE:X86 Debug\Driver.obj
         Debug\Vector2.obj
         LINK : C:\Users\youngnat002.ALPINE\documents\visual studio 2010\Projects\Calendar Operations\Debug\Calendar Operations.exe not found or not built by the last incremental link; performing full link
         Calendar Operations.vcxproj -> C:\Users\youngnat002.ALPINE\documents\visual studio 2010\Projects\Calendar Operations\Debug\Calendar Operations.exe
       Manifest:
         C:\Program Files (x86)\Microsoft SDKs\Windows\v7.0A\bin\mt.exe /nologo /verbose /outputresource:"C:\Users\youngnat002.ALPINE\documents\visual studio 2010\Projects\Calendar Operations\Debug\Calendar Operations.exe;#1" /manifest "Debug\Calendar Operations.exe.intermediate.manifest"
       FinalizeBuildStatus:
         Deleting file "Debug\Calendar Operations.unsuccessfulbuild".
         Touching "Debug\Calendar Operations.lastbuildstate".
     1>Done Building Project "C:\Users\youngnat002.ALPINE\documents\visual studio 2010\Projects\Calendar Operations\Calendar Operations\Calendar Operations.vcxproj" (build target(s)).

Build succeeded.

Time Elapsed 00:00:01.79
