Build started 2/21/2017 9:35:13 AM.
     1>Project "C:\Users\youngnat002.ALPINE\documents\visual studio 2010\Projects\daddy helpn\daddy helpn\daddy helpn.vcxproj" on node 2 (build target(s)).
     1>InitializeBuildStatus:
         Creating "Debug\inheritaince.unsuccessfulbuild" because "AlwaysCreate" was specified.
       ClCompile:
         C:\Program Files (x86)\Microsoft Visual Studio 10.0\VC\bin\CL.exe /c /ZI /nologo /W3 /WX- /Od /Oy- /D _MBCS /Gm /EHsc /RTC1 /MDd /GS /fp:precise /Zc:wchar_t /Zc:forScope /Fo"Debug\\" /Fd"Debug\vc100.pdb" /Gd /TP /analyze- /errorReport:prompt driver.cpp
         driver.cpp
     1>c:\users\youngnat002.alpine\documents\visual studio 2010\projects\daddy helpn\daddy helpn\driver.cpp(18): warning C4101: 'K' : unreferenced local variable
       Link:
         C:\Program Files (x86)\Microsoft Visual Studio 10.0\VC\bin\link.exe /ERRORREPORT:PROMPT /OUT:"C:\Users\youngnat002.ALPINE\documents\visual studio 2010\Projects\daddy helpn\Debug\inheritaince.exe" /NOLOGO kernel32.lib user32.lib gdi32.lib winspool.lib comdlg32.lib advapi32.lib shell32.lib ole32.lib oleaut32.lib uuid.lib odbc32.lib odbccp32.lib /MANIFEST /ManifestFile:"Debug\inheritaince.exe.intermediate.manifest" /MANIFESTUAC:"level='asInvoker' uiAccess='false'" /DEBUG /PDB:"C:\Users\youngnat002.ALPINE\documents\visual studio 2010\Projects\daddy helpn\Debug\inheritaince.pdb" /TLBID:1 /DYNAMICBASE /NXCOMPAT /IMPLIB:"C:\Users\youngnat002.ALPINE\documents\visual studio 2010\Projects\daddy helpn\Debug\inheritaince.lib" /MACHINE:X86 Debug\Circle.obj
         Debug\Cone.obj
         Debug\driver.obj
         Debug\Line.obj
         Debug\Triangle.obj
         LINK : C:\Users\youngnat002.ALPINE\documents\visual studio 2010\Projects\daddy helpn\Debug\inheritaince.exe not found or not built by the last incremental link; performing full link
         daddy helpn.vcxproj -> C:\Users\youngnat002.ALPINE\documents\visual studio 2010\Projects\daddy helpn\Debug\inheritaince.exe
       Manifest:
         C:\Program Files (x86)\Microsoft SDKs\Windows\v7.0A\bin\mt.exe /nologo /verbose /outputresource:"C:\Users\youngnat002.ALPINE\documents\visual studio 2010\Projects\daddy helpn\Debug\inheritaince.exe;#1" /manifest Debug\inheritaince.exe.intermediate.manifest
       FinalizeBuildStatus:
         Deleting file "Debug\inheritaince.unsuccessfulbuild".
         Touching "Debug\inheritaince.lastbuildstate".
     1>Done Building Project "C:\Users\youngnat002.ALPINE\documents\visual studio 2010\Projects\daddy helpn\daddy helpn\daddy helpn.vcxproj" (build target(s)).

Build succeeded.

Time Elapsed 00:00:05.14
