Build started 5/4/2017 9:56:24 AM.
     1>Project "c:\Users\youngnat002.alpine\documents\visual studio 2010\Projects\Hash Tables\Hash Tables\Hash Tables.vcxproj" on node 2 (build target(s)).
     1>InitializeBuildStatus:
         Creating "Debug\Hash Tables.unsuccessfulbuild" because "AlwaysCreate" was specified.
       ClCompile:
         C:\Program Files (x86)\Microsoft Visual Studio 10.0\VC\bin\CL.exe /c /ZI /nologo /W3 /WX- /Od /Oy- /D _MBCS /Gm /EHsc /RTC1 /MDd /GS /fp:precise /Zc:wchar_t /Zc:forScope /Fo"Debug\\" /Fd"Debug\vc100.pdb" /Gd /TP /analyze- /errorReport:prompt HashTable.cpp
         HashTable.cpp
       Link:
         C:\Program Files (x86)\Microsoft Visual Studio 10.0\VC\bin\link.exe /ERRORREPORT:PROMPT /OUT:"c:\users\youngnat002.alpine\documents\visual studio 2010\Projects\Hash Tables\Debug\Hash Tables.exe" /NOLOGO kernel32.lib user32.lib gdi32.lib winspool.lib comdlg32.lib advapi32.lib shell32.lib ole32.lib oleaut32.lib uuid.lib odbc32.lib odbccp32.lib /MANIFEST /ManifestFile:"Debug\Hash Tables.exe.intermediate.manifest" /MANIFESTUAC:"level='asInvoker' uiAccess='false'" /DEBUG /PDB:"c:\users\youngnat002.alpine\documents\visual studio 2010\Projects\Hash Tables\Debug\Hash Tables.pdb" /TLBID:1 /DYNAMICBASE /NXCOMPAT /IMPLIB:"c:\users\youngnat002.alpine\documents\visual studio 2010\Projects\Hash Tables\Debug\Hash Tables.lib" /MACHINE:X86 Debug\Driver.obj
         Debug\HashTable.obj
         LINK : c:\users\youngnat002.alpine\documents\visual studio 2010\Projects\Hash Tables\Debug\Hash Tables.exe not found or not built by the last incremental link; performing full link
         Hash Tables.vcxproj -> c:\users\youngnat002.alpine\documents\visual studio 2010\Projects\Hash Tables\Debug\Hash Tables.exe
       Manifest:
         C:\Program Files (x86)\Microsoft SDKs\Windows\v7.0A\bin\mt.exe /nologo /verbose /outputresource:"c:\users\youngnat002.alpine\documents\visual studio 2010\Projects\Hash Tables\Debug\Hash Tables.exe;#1" /manifest "Debug\Hash Tables.exe.intermediate.manifest"
       FinalizeBuildStatus:
         Deleting file "Debug\Hash Tables.unsuccessfulbuild".
         Touching "Debug\Hash Tables.lastbuildstate".
     1>Done Building Project "c:\Users\youngnat002.alpine\documents\visual studio 2010\Projects\Hash Tables\Hash Tables\Hash Tables.vcxproj" (build target(s)).

Build succeeded.

Time Elapsed 00:00:00.78
