Build started 1/19/2017 9:40:32 AM.
     1>Project "c:\Users\youngnat002.alpine\documents\visual studio 2010\Projects\10 Solution\10 Solution\10 Solution.vcxproj" on node 2 (build target(s)).
     1>InitializeBuildStatus:
         Creating "Debug\10 Solution.unsuccessfulbuild" because "AlwaysCreate" was specified.
       ClCompile:
         C:\Program Files (x86)\Microsoft Visual Studio 10.0\VC\bin\CL.exe /c /ZI /nologo /W3 /WX- /Od /Oy- /D _MBCS /Gm /EHsc /RTC1 /MDd /GS /fp:precise /Zc:wchar_t /Zc:forScope /Fo"Debug\\" /Fd"Debug\vc100.pdb" /Gd /TP /analyze- /errorReport:prompt percent.cpp
         percent.cpp
     1>c:\users\youngnat002.alpine\documents\visual studio 2010\projects\10 solution\10 solution\percent.cpp(19): warning C4101: 'dig' : unreferenced local variable
     1>c:\users\youngnat002.alpine\documents\visual studio 2010\projects\10 solution\10 solution\percent.cpp(19): warning C4101: 'y' : unreferenced local variable
     1>c:\users\youngnat002.alpine\documents\visual studio 2010\projects\10 solution\10 solution\percent.cpp(19): warning C4101: 'u' : unreferenced local variable
       Link:
         C:\Program Files (x86)\Microsoft Visual Studio 10.0\VC\bin\link.exe /ERRORREPORT:PROMPT /OUT:"c:\users\youngnat002.alpine\documents\visual studio 2010\Projects\10 Solution\Debug\10 Solution.exe" /NOLOGO kernel32.lib user32.lib gdi32.lib winspool.lib comdlg32.lib advapi32.lib shell32.lib ole32.lib oleaut32.lib uuid.lib odbc32.lib odbccp32.lib /MANIFEST /ManifestFile:"Debug\10 Solution.exe.intermediate.manifest" /MANIFESTUAC:"level='asInvoker' uiAccess='false'" /DEBUG /PDB:"c:\users\youngnat002.alpine\documents\visual studio 2010\Projects\10 Solution\Debug\10 Solution.pdb" /TLBID:1 /DYNAMICBASE /NXCOMPAT /IMPLIB:"c:\users\youngnat002.alpine\documents\visual studio 2010\Projects\10 Solution\Debug\10 Solution.lib" /MACHINE:X86 Debug\percent.obj
         LINK : c:\users\youngnat002.alpine\documents\visual studio 2010\Projects\10 Solution\Debug\10 Solution.exe not found or not built by the last incremental link; performing full link
         10 Solution.vcxproj -> c:\users\youngnat002.alpine\documents\visual studio 2010\Projects\10 Solution\Debug\10 Solution.exe
       Manifest:
         C:\Program Files (x86)\Microsoft SDKs\Windows\v7.0A\bin\mt.exe /nologo /verbose /outputresource:"c:\users\youngnat002.alpine\documents\visual studio 2010\Projects\10 Solution\Debug\10 Solution.exe;#1" /manifest "Debug\10 Solution.exe.intermediate.manifest"
       FinalizeBuildStatus:
         Deleting file "Debug\10 Solution.unsuccessfulbuild".
         Touching "Debug\10 Solution.lastbuildstate".
     1>Done Building Project "c:\Users\youngnat002.alpine\documents\visual studio 2010\Projects\10 Solution\10 Solution\10 Solution.vcxproj" (build target(s)).

Build succeeded.

Time Elapsed 00:00:03.19
