Build started 1/6/2017 9:14:17 AM.
     1>Project "c:\Users\youngnat002.alpine\documents\visual studio 2010\Projects\CornGas\CornGas\CornGas.vcxproj" on node 2 (build target(s)).
     1>PrepareForBuild:
         Creating directory "c:\users\youngnat002.alpine\documents\visual studio 2010\Projects\CornGas\Debug\".
       InitializeBuildStatus:
         Creating "Debug\CornGas.unsuccessfulbuild" because "AlwaysCreate" was specified.
       ClCompile:
         C:\Program Files (x86)\Microsoft Visual Studio 10.0\VC\bin\CL.exe /c /ZI /nologo /W3 /WX- /Od /Oy- /D _MBCS /Gm /EHsc /RTC1 /MDd /GS /fp:precise /Zc:wchar_t /Zc:forScope /Fo"Debug\\" /Fd"Debug\vc100.pdb" /Gd /TP /analyze- /errorReport:prompt Corn.cpp
         Corn.cpp
     1>c:\users\youngnat002.alpine\documents\visual studio 2010\projects\corngas\corngas\corn.cpp(6): error C2871: 'gas' : a namespace with this name does not exist
     1>c:\users\youngnat002.alpine\documents\visual studio 2010\projects\corngas\corngas\corn.cpp(13): error C2065: 'cout' : undeclared identifier
     1>c:\users\youngnat002.alpine\documents\visual studio 2010\projects\corngas\corngas\corn.cpp(13): error C2065: 'endl' : undeclared identifier
     1>c:\users\youngnat002.alpine\documents\visual studio 2010\projects\corngas\corngas\corn.cpp(14): error C2065: 'cin' : undeclared identifier
     1>c:\users\youngnat002.alpine\documents\visual studio 2010\projects\corngas\corngas\corn.cpp(16): error C2065: 'cout' : undeclared identifier
     1>c:\users\youngnat002.alpine\documents\visual studio 2010\projects\corngas\corngas\corn.cpp(16): error C2065: 'endl' : undeclared identifier
     1>c:\users\youngnat002.alpine\documents\visual studio 2010\projects\corngas\corngas\corn.cpp(17): error C2065: 'cin' : undeclared identifier
     1>c:\users\youngnat002.alpine\documents\visual studio 2010\projects\corngas\corngas\corn.cpp(19): error C2065: 'cout' : undeclared identifier
     1>c:\users\youngnat002.alpine\documents\visual studio 2010\projects\corngas\corngas\corn.cpp(19): error C2065: 'endl' : undeclared identifier
     1>c:\users\youngnat002.alpine\documents\visual studio 2010\projects\corngas\corngas\corn.cpp(20): error C2065: 'cin' : undeclared identifier
     1>c:\users\youngnat002.alpine\documents\visual studio 2010\projects\corngas\corngas\corn.cpp(24): error C2065: 'cout' : undeclared identifier
     1>c:\users\youngnat002.alpine\documents\visual studio 2010\projects\corngas\corngas\corn.cpp(24): error C2228: left of '.precision' must have class/struct/union
                 type is ''unknown-type''
     1>c:\users\youngnat002.alpine\documents\visual studio 2010\projects\corngas\corngas\corn.cpp(25): error C2065: 'cout' : undeclared identifier
     1>c:\users\youngnat002.alpine\documents\visual studio 2010\projects\corngas\corngas\corn.cpp(25): error C2228: left of '.setf' must have class/struct/union
                 type is ''unknown-type''
     1>c:\users\youngnat002.alpine\documents\visual studio 2010\projects\corngas\corngas\corn.cpp(25): error C2653: 'ios' : is not a class or namespace name
     1>c:\users\youngnat002.alpine\documents\visual studio 2010\projects\corngas\corngas\corn.cpp(25): error C2065: 'fixed' : undeclared identifier
     1>c:\users\youngnat002.alpine\documents\visual studio 2010\projects\corngas\corngas\corn.cpp(26): error C2065: 'cout' : undeclared identifier
     1>c:\users\youngnat002.alpine\documents\visual studio 2010\projects\corngas\corngas\corn.cpp(26): error C2065: 'endl' : undeclared identifier
     1>c:\users\youngnat002.alpine\documents\visual studio 2010\projects\corngas\corngas\corn.cpp(27): error C2065: 'cout' : undeclared identifier
     1>c:\users\youngnat002.alpine\documents\visual studio 2010\projects\corngas\corngas\corn.cpp(27): error C2065: 'endl' : undeclared identifier
     1>Done Building Project "c:\Users\youngnat002.alpine\documents\visual studio 2010\Projects\CornGas\CornGas\CornGas.vcxproj" (build target(s)) -- FAILED.

Build FAILED.

Time Elapsed 00:00:00.78
