Build started 4/28/2017 10:18:09 AM.
     1>Project "c:\Users\youngnat002.alpine\documents\visual studio 2010\Projects\Calender that works\Calender that works\Calender that works.vcxproj" on node 2 (build target(s)).
     1>InitializeBuildStatus:
         Touching "Debug\Calender that works.unsuccessfulbuild".
       ClCompile:
         C:\Program Files (x86)\Microsoft Visual Studio 10.0\VC\bin\CL.exe /c /ZI /nologo /W3 /WX- /Od /Oy- /D _MBCS /Gm /EHsc /RTC1 /MDd /GS /fp:precise /Zc:wchar_t /Zc:forScope /Fo"Debug\\" /Fd"Debug\vc100.pdb" /Gd /TP /analyze- /errorReport:prompt Calender.cpp Driver.cpp
         Driver.cpp
         Calender.cpp
         Generating Code...
       Link:
         C:\Program Files (x86)\Microsoft Visual Studio 10.0\VC\bin\link.exe /ERRORREPORT:PROMPT /OUT:"c:\users\youngnat002.alpine\documents\visual studio 2010\Projects\Calender that works\Debug\Calender that works.exe" /NOLOGO kernel32.lib user32.lib gdi32.lib winspool.lib comdlg32.lib advapi32.lib shell32.lib ole32.lib oleaut32.lib uuid.lib odbc32.lib odbccp32.lib /MANIFEST /ManifestFile:"Debug\Calender that works.exe.intermediate.manifest" /MANIFESTUAC:"level='asInvoker' uiAccess='false'" /DEBUG /PDB:"c:\users\youngnat002.alpine\documents\visual studio 2010\Projects\Calender that works\Debug\Calender that works.pdb" /TLBID:1 /DYNAMICBASE /NXCOMPAT /IMPLIB:"c:\users\youngnat002.alpine\documents\visual studio 2010\Projects\Calender that works\Debug\Calender that works.lib" /MACHINE:X86 Debug\Calender.obj
         Debug\Driver.obj
         Calender that works.vcxproj -> c:\users\youngnat002.alpine\documents\visual studio 2010\Projects\Calender that works\Debug\Calender that works.exe
       Manifest:
         C:\Program Files (x86)\Microsoft SDKs\Windows\v7.0A\bin\mt.exe /nologo /verbose /outputresource:"c:\users\youngnat002.alpine\documents\visual studio 2010\Projects\Calender that works\Debug\Calender that works.exe;#1" /manifest "Debug\Calender that works.exe.intermediate.manifest"
       FinalizeBuildStatus:
         Deleting file "Debug\Calender that works.unsuccessfulbuild".
         Touching "Debug\Calender that works.lastbuildstate".
     1>Done Building Project "c:\Users\youngnat002.alpine\documents\visual studio 2010\Projects\Calender that works\Calender that works\Calender that works.vcxproj" (build target(s)).

Build succeeded.

Time Elapsed 00:00:01.09
