Build started 3/28/2017 10:01:07 AM.
     1>Project "c:\Users\youngnat002.alpine\documents\visual studio 2010\Projects\TTTTTT\TTTTTT\TTTTTT.vcxproj" on node 2 (build target(s)).
     1>PrepareForBuild:
         Creating directory "c:\users\youngnat002.alpine\documents\visual studio 2010\Projects\TTTTTT\Debug\".
       InitializeBuildStatus:
         Creating "Debug\TTTTTT.unsuccessfulbuild" because "AlwaysCreate" was specified.
       ClCompile:
         C:\Program Files (x86)\Microsoft Visual Studio 10.0\VC\bin\CL.exe /c /ZI /nologo /W3 /WX- /Od /Oy- /D _MBCS /Gm /EHsc /RTC1 /MDd /GS /fp:precise /Zc:wchar_t /Zc:forScope /Fo"Debug\\" /Fd"Debug\vc100.pdb" /Gd /TP /analyze- /errorReport:prompt Driver.cpp
         Driver.cpp
       Link:
         C:\Program Files (x86)\Microsoft Visual Studio 10.0\VC\bin\link.exe /ERRORREPORT:PROMPT /OUT:"c:\users\youngnat002.alpine\documents\visual studio 2010\Projects\TTTTTT\Debug\TTTTTT.exe" /NOLOGO kernel32.lib user32.lib gdi32.lib winspool.lib comdlg32.lib advapi32.lib shell32.lib ole32.lib oleaut32.lib uuid.lib odbc32.lib odbccp32.lib /MANIFEST /ManifestFile:"Debug\TTTTTT.exe.intermediate.manifest" /MANIFESTUAC:"level='asInvoker' uiAccess='false'" /DEBUG /PDB:"c:\users\youngnat002.alpine\documents\visual studio 2010\Projects\TTTTTT\Debug\TTTTTT.pdb" /TLBID:1 /DYNAMICBASE /NXCOMPAT /IMPLIB:"c:\users\youngnat002.alpine\documents\visual studio 2010\Projects\TTTTTT\Debug\TTTTTT.lib" /MACHINE:X86 Debug\Driver.obj
         TTTTTT.vcxproj -> c:\users\youngnat002.alpine\documents\visual studio 2010\Projects\TTTTTT\Debug\TTTTTT.exe
       Manifest:
         C:\Program Files (x86)\Microsoft SDKs\Windows\v7.0A\bin\mt.exe /nologo /verbose /outputresource:"c:\users\youngnat002.alpine\documents\visual studio 2010\Projects\TTTTTT\Debug\TTTTTT.exe;#1" /manifest Debug\TTTTTT.exe.intermediate.manifest
       FinalizeBuildStatus:
         Deleting file "Debug\TTTTTT.unsuccessfulbuild".
         Touching "Debug\TTTTTT.lastbuildstate".
     1>Done Building Project "c:\Users\youngnat002.alpine\documents\visual studio 2010\Projects\TTTTTT\TTTTTT\TTTTTT.vcxproj" (build target(s)).

Build succeeded.

Time Elapsed 00:00:01.29
