Build started 2/10/2017 12:18:12 PM.
     1>Project "C:\Users\youngnat002.ALPINE\documents\visual studio 2010\Projects\Vector\Vector\Vector.vcxproj" on node 2 (build target(s)).
     1>InitializeBuildStatus:
         Creating "Debug\Vector.unsuccessfulbuild" because "AlwaysCreate" was specified.
       ClCompile:
         C:\Program Files (x86)\Microsoft Visual Studio 10.0\VC\bin\CL.exe /c /ZI /nologo /W3 /WX- /Od /Oy- /D _MBCS /Gm /EHsc /RTC1 /MDd /GS /fp:precise /Zc:wchar_t /Zc:forScope /Fo"Debug\\" /Fd"Debug\vc100.pdb" /Gd /TP /analyze- /errorReport:prompt Vectors.cpp
         Vectors.cpp
     1>c:\users\youngnat002.alpine\documents\visual studio 2010\projects\vector\vector\vectors.cpp(10): warning C4101: 'y' : unreferenced local variable
     1>c:\users\youngnat002.alpine\documents\visual studio 2010\projects\vector\vector\vectors.cpp(10): warning C4101: 'r' : unreferenced local variable
     1>c:\users\youngnat002.alpine\documents\visual studio 2010\projects\vector\vector\vectors.cpp(10): warning C4101: 't' : unreferenced local variable
     1>c:\users\youngnat002.alpine\documents\visual studio 2010\projects\vector\vector\vectors.cpp(10): warning C4101: 'e' : unreferenced local variable
       Link:
         C:\Program Files (x86)\Microsoft Visual Studio 10.0\VC\bin\link.exe /ERRORREPORT:PROMPT /OUT:"C:\Users\youngnat002.ALPINE\documents\visual studio 2010\Projects\Vector\Debug\Vector.exe" /NOLOGO kernel32.lib user32.lib gdi32.lib winspool.lib comdlg32.lib advapi32.lib shell32.lib ole32.lib oleaut32.lib uuid.lib odbc32.lib odbccp32.lib /MANIFEST /ManifestFile:"Debug\Vector.exe.intermediate.manifest" /MANIFESTUAC:"level='asInvoker' uiAccess='false'" /DEBUG /PDB:"C:\Users\youngnat002.ALPINE\documents\visual studio 2010\Projects\Vector\Debug\Vector.pdb" /TLBID:1 /DYNAMICBASE /NXCOMPAT /IMPLIB:"C:\Users\youngnat002.ALPINE\documents\visual studio 2010\Projects\Vector\Debug\Vector.lib" /MACHINE:X86 Debug\Vectors.obj
         LINK : C:\Users\youngnat002.ALPINE\documents\visual studio 2010\Projects\Vector\Debug\Vector.exe not found or not built by the last incremental link; performing full link
         Vector.vcxproj -> C:\Users\youngnat002.ALPINE\documents\visual studio 2010\Projects\Vector\Debug\Vector.exe
       Manifest:
         C:\Program Files (x86)\Microsoft SDKs\Windows\v7.0A\bin\mt.exe /nologo /verbose /outputresource:"C:\Users\youngnat002.ALPINE\documents\visual studio 2010\Projects\Vector\Debug\Vector.exe;#1" /manifest Debug\Vector.exe.intermediate.manifest
       FinalizeBuildStatus:
         Deleting file "Debug\Vector.unsuccessfulbuild".
         Touching "Debug\Vector.lastbuildstate".
     1>Done Building Project "C:\Users\youngnat002.ALPINE\documents\visual studio 2010\Projects\Vector\Vector\Vector.vcxproj" (build target(s)).

Build succeeded.

Time Elapsed 00:00:01.10
