Build started 4/12/2017 9:21:44 AM.
     1>Project "C:\Users\youngnat002.ALPINE\documents\visual studio 2010\Projects\char reverse\char reverse\char reverse.vcxproj" on node 2 (build target(s)).
     1>InitializeBuildStatus:
         Creating "Debug\char reverse.unsuccessfulbuild" because "AlwaysCreate" was specified.
       ClCompile:
         C:\Program Files (x86)\Microsoft Visual Studio 10.0\VC\bin\CL.exe /c /ZI /nologo /W3 /WX- /Od /Oy- /D _MBCS /Gm /EHsc /RTC1 /MDd /GS /fp:precise /Zc:wchar_t /Zc:forScope /Fo"Debug\\" /Fd"Debug\vc100.pdb" /Gd /TP /analyze- /errorReport:prompt Reverse.cpp
         Reverse.cpp
     1>c:\users\youngnat002.alpine\documents\visual studio 2010\projects\char reverse\char reverse\reverse.cpp(8): warning C4101: 'num' : unreferenced local variable
       Link:
         C:\Program Files (x86)\Microsoft Visual Studio 10.0\VC\bin\link.exe /ERRORREPORT:PROMPT /OUT:"C:\Users\youngnat002.ALPINE\documents\visual studio 2010\Projects\char reverse\Debug\char reverse.exe" /NOLOGO kernel32.lib user32.lib gdi32.lib winspool.lib comdlg32.lib advapi32.lib shell32.lib ole32.lib oleaut32.lib uuid.lib odbc32.lib odbccp32.lib /MANIFEST /ManifestFile:"Debug\char reverse.exe.intermediate.manifest" /MANIFESTUAC:"level='asInvoker' uiAccess='false'" /DEBUG /PDB:"C:\Users\youngnat002.ALPINE\documents\visual studio 2010\Projects\char reverse\Debug\char reverse.pdb" /TLBID:1 /DYNAMICBASE /NXCOMPAT /IMPLIB:"C:\Users\youngnat002.ALPINE\documents\visual studio 2010\Projects\char reverse\Debug\char reverse.lib" /MACHINE:X86 Debug\Reverse.obj
         LINK : C:\Users\youngnat002.ALPINE\documents\visual studio 2010\Projects\char reverse\Debug\char reverse.exe not found or not built by the last incremental link; performing full link
         char reverse.vcxproj -> C:\Users\youngnat002.ALPINE\documents\visual studio 2010\Projects\char reverse\Debug\char reverse.exe
       Manifest:
         C:\Program Files (x86)\Microsoft SDKs\Windows\v7.0A\bin\mt.exe /nologo /verbose /outputresource:"C:\Users\youngnat002.ALPINE\documents\visual studio 2010\Projects\char reverse\Debug\char reverse.exe;#1" /manifest "Debug\char reverse.exe.intermediate.manifest"
       FinalizeBuildStatus:
         Deleting file "Debug\char reverse.unsuccessfulbuild".
         Touching "Debug\char reverse.lastbuildstate".
     1>Done Building Project "C:\Users\youngnat002.ALPINE\documents\visual studio 2010\Projects\char reverse\char reverse\char reverse.vcxproj" (build target(s)).

Build succeeded.

Time Elapsed 00:00:02.35
