Build started 1/19/2017 9:08:00 AM.
     1>Project "C:\Users\youngnat002.ALPINE\documents\visual studio 2010\Projects\university RIPOFF\university RIPOFF\university RIPOFF.vcxproj" on node 2 (build target(s)).
     1>InitializeBuildStatus:
         Creating "Debug\university RIPOFF.unsuccessfulbuild" because "AlwaysCreate" was specified.
       ClCompile:
         C:\Program Files (x86)\Microsoft Visual Studio 10.0\VC\bin\CL.exe /c /ZI /nologo /W3 /WX- /Od /Oy- /D _MBCS /Gm /EHsc /RTC1 /MDd /GS /fp:precise /Zc:wchar_t /Zc:forScope /Fo"Debug\\" /Fd"Debug\vc100.pdb" /Gd /TP /analyze- /errorReport:prompt ripoff.cpp
         ripoff.cpp
     1>c:\users\youngnat002.alpine\documents\visual studio 2010\projects\university ripoff\university ripoff\ripoff.cpp(18): warning C4244: '=' : conversion from 'double' to 'int', possible loss of data
     1>c:\users\youngnat002.alpine\documents\visual studio 2010\projects\university ripoff\university ripoff\ripoff.cpp(24): warning C4244: '=' : conversion from 'double' to 'int', possible loss of data
     1>c:\users\youngnat002.alpine\documents\visual studio 2010\projects\university ripoff\university ripoff\ripoff.cpp(30): warning C4244: '=' : conversion from 'double' to 'int', possible loss of data
     1>c:\users\youngnat002.alpine\documents\visual studio 2010\projects\university ripoff\university ripoff\ripoff.cpp(36): warning C4244: '=' : conversion from 'double' to 'int', possible loss of data
       Link:
         C:\Program Files (x86)\Microsoft Visual Studio 10.0\VC\bin\link.exe /ERRORREPORT:PROMPT /OUT:"C:\Users\youngnat002.ALPINE\documents\visual studio 2010\Projects\university RIPOFF\Debug\university RIPOFF.exe" /NOLOGO kernel32.lib user32.lib gdi32.lib winspool.lib comdlg32.lib advapi32.lib shell32.lib ole32.lib oleaut32.lib uuid.lib odbc32.lib odbccp32.lib /MANIFEST /ManifestFile:"Debug\university RIPOFF.exe.intermediate.manifest" /MANIFESTUAC:"level='asInvoker' uiAccess='false'" /DEBUG /PDB:"C:\Users\youngnat002.ALPINE\documents\visual studio 2010\Projects\university RIPOFF\Debug\university RIPOFF.pdb" /TLBID:1 /DYNAMICBASE /NXCOMPAT /IMPLIB:"C:\Users\youngnat002.ALPINE\documents\visual studio 2010\Projects\university RIPOFF\Debug\university RIPOFF.lib" /MACHINE:X86 Debug\ripoff.obj
         LINK : C:\Users\youngnat002.ALPINE\documents\visual studio 2010\Projects\university RIPOFF\Debug\university RIPOFF.exe not found or not built by the last incremental link; performing full link
         university RIPOFF.vcxproj -> C:\Users\youngnat002.ALPINE\documents\visual studio 2010\Projects\university RIPOFF\Debug\university RIPOFF.exe
       Manifest:
         C:\Program Files (x86)\Microsoft SDKs\Windows\v7.0A\bin\mt.exe /nologo /verbose /outputresource:"C:\Users\youngnat002.ALPINE\documents\visual studio 2010\Projects\university RIPOFF\Debug\university RIPOFF.exe;#1" /manifest "Debug\university RIPOFF.exe.intermediate.manifest"
       FinalizeBuildStatus:
         Deleting file "Debug\university RIPOFF.unsuccessfulbuild".
         Touching "Debug\university RIPOFF.lastbuildstate".
     1>Done Building Project "C:\Users\youngnat002.ALPINE\documents\visual studio 2010\Projects\university RIPOFF\university RIPOFF\university RIPOFF.vcxproj" (build target(s)).

Build succeeded.

Time Elapsed 00:00:00.76
