Build started 2/21/2017 10:15:08 AM.
     1>Project "C:\Users\youngnat002.ALPINE\documents\visual studio 2010\Projects\Whose Your Daddy\Whose Your Daddy\Whose Your Daddy.vcxproj" on node 2 (build target(s)).
     1>InitializeBuildStatus:
         Creating "Debug\Whose Your Daddy.unsuccessfulbuild" because "AlwaysCreate" was specified.
       ClCompile:
         C:\Program Files (x86)\Microsoft Visual Studio 10.0\VC\bin\CL.exe /c /ZI /nologo /W3 /WX- /Od /Oy- /D _MBCS /Gm /EHsc /RTC1 /MDd /GS /fp:precise /Zc:wchar_t /Zc:forScope /Fo"Debug\\" /Fd"Debug\vc100.pdb" /Gd /TP /analyze- /errorReport:prompt Driver.cpp
         Driver.cpp
       Link:
         C:\Program Files (x86)\Microsoft Visual Studio 10.0\VC\bin\link.exe /ERRORREPORT:PROMPT /OUT:"C:\Users\youngnat002.ALPINE\documents\visual studio 2010\Projects\Whose Your Daddy\Debug\Whose Your Daddy.exe" /NOLOGO kernel32.lib user32.lib gdi32.lib winspool.lib comdlg32.lib advapi32.lib shell32.lib ole32.lib oleaut32.lib uuid.lib odbc32.lib odbccp32.lib /MANIFEST /ManifestFile:"Debug\Whose Your Daddy.exe.intermediate.manifest" /MANIFESTUAC:"level='asInvoker' uiAccess='false'" /DEBUG /PDB:"C:\Users\youngnat002.ALPINE\documents\visual studio 2010\Projects\Whose Your Daddy\Debug\Whose Your Daddy.pdb" /TLBID:1 /DYNAMICBASE /NXCOMPAT /IMPLIB:"C:\Users\youngnat002.ALPINE\documents\visual studio 2010\Projects\Whose Your Daddy\Debug\Whose Your Daddy.lib" /MACHINE:X86 Debug\Driver.obj
         Debug\Prism.obj
         Debug\Rectangle.obj
         Debug\Triangle.obj
         LINK : C:\Users\youngnat002.ALPINE\documents\visual studio 2010\Projects\Whose Your Daddy\Debug\Whose Your Daddy.exe not found or not built by the last incremental link; performing full link
         Whose Your Daddy.vcxproj -> C:\Users\youngnat002.ALPINE\documents\visual studio 2010\Projects\Whose Your Daddy\Debug\Whose Your Daddy.exe
       Manifest:
         C:\Program Files (x86)\Microsoft SDKs\Windows\v7.0A\bin\mt.exe /nologo /verbose /outputresource:"C:\Users\youngnat002.ALPINE\documents\visual studio 2010\Projects\Whose Your Daddy\Debug\Whose Your Daddy.exe;#1" /manifest "Debug\Whose Your Daddy.exe.intermediate.manifest"
       FinalizeBuildStatus:
         Deleting file "Debug\Whose Your Daddy.unsuccessfulbuild".
         Touching "Debug\Whose Your Daddy.lastbuildstate".
     1>Done Building Project "C:\Users\youngnat002.ALPINE\documents\visual studio 2010\Projects\Whose Your Daddy\Whose Your Daddy\Whose Your Daddy.vcxproj" (build target(s)).

Build succeeded.

Time Elapsed 00:00:00.62
