Build started 4/24/2017 10:00:10 AM.
     1>Project "c:\Users\youngnat002.alpine\documents\visual studio 2010\Projects\Sugar\Sugar\Sugar.vcxproj" on node 2 (build target(s)).
     1>InitializeBuildStatus:
         Creating "Debug\Sugar.unsuccessfulbuild" because "AlwaysCreate" was specified.
       ClCompile:
         C:\Program Files (x86)\Microsoft Visual Studio 10.0\VC\bin\CL.exe /c /ZI /nologo /W3 /WX- /Od /Oy- /D _MBCS /Gm /EHsc /RTC1 /MDd /GS /fp:precise /Zc:wchar_t /Zc:forScope /Fo"Debug\\" /Fd"Debug\vc100.pdb" /Gd /TP /analyze- /errorReport:prompt Driver.cpp
         Driver.cpp
       Link:
         C:\Program Files (x86)\Microsoft Visual Studio 10.0\VC\bin\link.exe /ERRORREPORT:PROMPT /OUT:"c:\users\youngnat002.alpine\documents\visual studio 2010\Projects\Sugar\Debug\Sugar.exe" /NOLOGO kernel32.lib user32.lib gdi32.lib winspool.lib comdlg32.lib advapi32.lib shell32.lib ole32.lib oleaut32.lib uuid.lib odbc32.lib odbccp32.lib /MANIFEST /ManifestFile:"Debug\Sugar.exe.intermediate.manifest" /MANIFESTUAC:"level='asInvoker' uiAccess='false'" /DEBUG /PDB:"c:\users\youngnat002.alpine\documents\visual studio 2010\Projects\Sugar\Debug\Sugar.pdb" /TLBID:1 /DYNAMICBASE /NXCOMPAT /IMPLIB:"c:\users\youngnat002.alpine\documents\visual studio 2010\Projects\Sugar\Debug\Sugar.lib" /MACHINE:X86 Debug\Driver.obj
         "Debug\Vector 2.obj"
         LINK : c:\users\youngnat002.alpine\documents\visual studio 2010\Projects\Sugar\Debug\Sugar.exe not found or not built by the last incremental link; performing full link
         Sugar.vcxproj -> c:\users\youngnat002.alpine\documents\visual studio 2010\Projects\Sugar\Debug\Sugar.exe
       Manifest:
         C:\Program Files (x86)\Microsoft SDKs\Windows\v7.0A\bin\mt.exe /nologo /verbose /outputresource:"c:\users\youngnat002.alpine\documents\visual studio 2010\Projects\Sugar\Debug\Sugar.exe;#1" /manifest Debug\Sugar.exe.intermediate.manifest
       FinalizeBuildStatus:
         Deleting file "Debug\Sugar.unsuccessfulbuild".
         Touching "Debug\Sugar.lastbuildstate".
     1>Done Building Project "c:\Users\youngnat002.alpine\documents\visual studio 2010\Projects\Sugar\Sugar\Sugar.vcxproj" (build target(s)).

Build succeeded.

Time Elapsed 00:00:00.71
